<?xml version="1.0" encoding="UTF-8"?>
<testng-results ignored="0" total="1" passed="1" failed="0" skipped="0">
  <reporter-output>
  </reporter-output>
  <suite started-at="2020-12-02T12:01:06 IST" name="InetBanking" finished-at="2020-12-02T12:01:17 IST" duration-ms="11215">
    <groups>
    </groups>
    <test started-at="2020-12-02T12:01:06 IST" name="BankingApp Test" finished-at="2020-12-02T12:01:17 IST" duration-ms="11215">
      <class name="com.inetBanking.testCases.TC_LoginTest_001">
        <test-method is-config="true" signature="setup(java.lang.String)[pri:0, instance:com.inetBanking.testCases.TC_LoginTest_001@5609159b]" started-at="2020-12-02T12:01:06 IST" name="setup" finished-at="2020-12-02T12:01:12 IST" duration-ms="5962" status="PASS">
          <params>
            <param index="0">
              <value>
                <![CDATA[chrome]]>
              </value>
            </param>
          </params>
          <reporter-output>
          </reporter-output>
        </test-method> <!-- setup -->
        <test-method signature="loginTest()[pri:0, instance:com.inetBanking.testCases.TC_LoginTest_001@5609159b]" started-at="2020-12-02T12:01:12 IST" name="loginTest" finished-at="2020-12-02T12:01:16 IST" duration-ms="4437" status="PASS">
          <reporter-output>
          </reporter-output>
        </test-method> <!-- loginTest -->
        <test-method is-config="true" signature="tearDown()[pri:0, instance:com.inetBanking.testCases.TC_LoginTest_001@5609159b]" started-at="2020-12-02T12:01:16 IST" name="tearDown" finished-at="2020-12-02T12:01:17 IST" duration-ms="795" status="PASS">
          <reporter-output>
          </reporter-output>
        </test-method> <!-- tearDown -->
      </class> <!-- com.inetBanking.testCases.TC_LoginTest_001 -->
    </test> <!-- BankingApp Test -->
  </suite> <!-- InetBanking -->
</testng-results>
